== Starting nios2-terminal on the USB-Blaster JTAG UART ==
   Press Ctrl+C to exit.

nios2-terminal: connected to hardware target using JTAG UART on cable
nios2-terminal: "USB-Blaster [3-4.1]", device 1, instance 0
nios2-terminal: (Use the IDE stop button or Ctrl-C to terminate)

2K performance run parameters for coremark.
CoreMark Size    : 666
Total ticks      : 538520721
Total time (secs): 13
Iterations/Sec   : 46
Iterations       : 600
Compiler version : GCC 14.3.0
Compiler flags   : -O2 -g -march=rv32im_zicsr -mabi=ilp32 -nostdlib -nostartfiles -ffreestanding -fno-builtin -fno-pic -ffunction-sections -fdata-sections -fomit-frame-pointer -Wall   
Memory location  : STACK
seedcrc          : 0xe9f5
[0]crclist       : 0xe714
[0]crcmatrix     : 0x1fd7
[0]crcstate      : 0x8e3a
[0]crcfinal      : 0xbd59
Correct operation validated. See readme.txt for run and reporting rules.
