# /init stage-2 → kernel Store/AMO misaligned trap — 2026-05-08

## TL;DR

The "garbled output" we observed after `[init] hello from riski5
nommu Linux!` (stage 1 direct MMIO) on silicon is not garble at
all — it is the **`LinuxBootMaster` boot stub's TRAP-INFO DUMP**,
emitted because the kernel re-entered the stub via `mtvec=0` after
taking a fault during /init's stage-2 syscall path.

## Decode of the bytes

Raw bytes after the stage-1 message:

```
M T 06 00 00 00  18 ff 00 80  4F 00 00 00  01 11 00 40  00 00 00 00
```

Per `firmware/phase1/LinuxBootMaster.hs` lines 117-184, the format is:

| Offset | Bytes              | Field    | Decoded value                  |
|-------:|--------------------|----------|--------------------------------|
|      0 | `M`                | boot byte (re-entry marker) |               |
|      1 | `T`                | trap-info marker            |               |
|    2-5 | `06 00 00 00`      | mcause   | **0x00000006**                 |
|    6-9 | `18 ff 00 80`      | mepc     | **0x8000FF18**                 |
|  10-13 | `4F 00 00 00`      | mtval    | **0x0000004F**                 |
|  14-17 | `01 11 00 40`      | misa     | **0x40001101** (RV32IMA, OK)   |
|  18-21 | `00 00 00 00`      | mscratch | **0x00000000**                 |

(Each 32-bit CSR is emitted in low-to-high byte order via the
`csrrs` + `srli 8/16/24` + `sw` sequence in the boot stub.)

## Interpretation

- **mcause = 6** → "Store/AMO address misaligned" per RISC-V priv
  spec §3.1.16. The kernel attempted a `sw` / `sh` / `amo*` to
  an address that didn't satisfy the natural-alignment requirement.
- **mepc = 0x8000FF18** → the kernel-text PC of the offending
  store. 64K bytes into the kernel image.
- **mtval = 0x0000004F** → the misaligned target address (= 79
  decimal, also = ASCII 'O'). Way below any legitimate kernel
  pointer (kernel text/data live in `0x80000000+`, MMIO in
  `0x10000000+`, stack in `0x80000000+`). This looks like an
  uninitialised pointer or struct-field corruption, not a
  legitimately-but-misaligned-target trap.

## What this rules in / out

- The `/init` stage-1 direct MMIO write path is fine — the boot
  stub's trap dump never fires before `[init] hello…`, so the
  kernel handed off to userspace cleanly through `binfmt_flat`.
- The trap fires either inside `/init`'s stage-2 path
  (`write(1, msg, MSGLEN)` syscall via ECALL) or stage-3
  (`exit(0)` syscall) — both go user → ECALL trap handler →
  kernel syscall dispatcher → kernel-internal store.
- mcause = 6 is the load-bearing clue. If this were
  mstatus.MPP corruption (#54-class bug), we'd expect cause 8
  (ECALL from U-mode) routed somewhere wrong, not cause 6.
- 0x4F as the bad target address is suspicious — it is the
  ASCII byte 'O', and our /init message contains plenty of 'O's
  via `from`. Possibility: a stage-2 buffer-pointer arithmetic
  bug somewhere derefs a *byte* of the message buffer instead
  of a *pointer to* it. Worth reading the syscall handler's
  copy_from_user path that handles the `write(1, msg, 38)`.

## Action items

- [ ] Disassemble the kernel at PC = 0x8000FF18 against the
  exact `linux-rv32-nommu` build that produced this trace
  (commit aab129b's STACKPROTECTOR-disabled build), with
  CONFIG_DEBUG_INFO + KALLSYMS, to identify the offending
  store instruction and surrounding function.
- [ ] Decide whether the bug is in our SoC's kernel-mode store
  alignment handling, our trap-entry CSR snapshot, or upstream
  binfmt_flat / nommu syscall path (less likely — Linux
  upstream is presumably tested).
- [ ] Confirm against hwsim by booting the same kernel under
  riski5-linux-hwsim with the trap PC instrumented — should
  reproduce the same mcause/mepc/mtval if the bug is in our
  RTL or the kernel itself, vs. silicon-specific if hwsim
  diverges.

## Context

Discovered while investigating the garbled output that follows
the clean `[init] hello from riski5 nommu Linux!` line in
`docs/perf/silicon-init-hello-2026-05-08.log` — the bytes that
look like noise are actually a structured trap-state dump
generated by the boot stub's `mtvec=0` re-entry handler. The
silicon boot otherwise validates correctly: kernel boots through
to userspace, /init's stage 1 prints, and only the syscall path
(stage 2 / 3) faults.

Closing tasks #54 (mstatus.MPP) and #56 (DT WARN) earlier today
established that the basic trap-entry / mode-switch / FDT-parse
machinery is sound. This stage-2 store-misaligned trap is a
NEW finding orthogonal to either of those.
