riski5-core-linux-master> Running phase: installPhase
copying 1 paths...
copying path '/nix/store/cdgjnqcxdpb2rpmmrpqdb1vb9lrbr20f-riski5-core-linux-master-0.1.0' from 'ssh-ng://nix-ssh@10.0.0.19'...
---
=== Run boot-linux-master ===
this derivation will be built:
  /nix/store/bn6ysn48cpywk5qhnspxgxw5bc1mwxj3-boot-linux-master.drv
building '/nix/store/bn6ysn48cpywk5qhnspxgxw5bc1mwxj3-boot-linux-master.drv' on 'ssh-ng://nix-ssh@10.0.0.19'...
copying 0 paths...
building '/nix/store/bn6ysn48cpywk5qhnspxgxw5bc1mwxj3-boot-linux-master.drv'...
copying 1 paths...
copying path '/nix/store/mr4y6rmf5prc3zxac24lmnq72dmag4ij-boot-linux-master' from 'ssh-ng://nix-ssh@10.0.0.19'...
boot-linux-master: using default kernel + DTB from the flake
== boot-linux-master: clearing stale JTAG holders ==
== boot-linux-master: detecting USB-Blaster ==
  cable: USB-Blaster [3-4.1]
== boot-linux-master: flashing /nix/store/cdgjnqcxdpb2rpmmrpqdb1vb9lrbr20f-riski5-core-linux-master-0.1.0/Riski5.sof ==
Info: *******************************************************************
Info: Running Quartus II 32-bit Programmer
    Info: Version 13.0.1 Build 232 06/12/2013 Service Pack 1 SJ Web Edition
    Info: Copyright (C) 1991-2013 Altera Corporation. All rights reserved.
    Info: Your use of Altera Corporation's design tools, logic functions 
    Info: and other software and tools, and its AMPP partner logic 
    Info: functions, and any output files from any of the foregoing 
    Info: (including device programming or simulation files), and any 
    Info: associated documentation or information are expressly subject 
    Info: to the terms and conditions of the Altera Program License 
    Info: Subscription Agreement, Altera MegaCore Function License 
    Info: Agreement, or other applicable license agreement, including, 
    Info: without limitation, that your use is for the sole purpose of 
    Info: programming logic devices manufactured by Altera and sold by 
    Info: Altera or its authorized distributors.  Please refer to the 
    Info: applicable agreement for further details.
    Info: Processing started: Sun May  3 17:45:38 2026
Info: Command: quartus_pgm -c "USB-Blaster [3-4.1]" -m JTAG -o p;/nix/store/cdgjnqcxdpb2rpmmrpqdb1vb9lrbr20f-riski5-core-linux-master-0.1.0/Riski5.sof
Info (213045): Using programming cable "USB-Blaster [3-4.1]"
Info (213011): Using programming file /nix/store/cdgjnqcxdpb2rpmmrpqdb1vb9lrbr20f-riski5-core-linux-master-0.1.0/Riski5.sof with checksum 0x00C0F6E5 for device EP2C35F672@1
Info (209060): Started Programmer operation at Sun May  3 17:45:38 2026
Info (209016): Configuring device index 1
Info (209017): Device 1 contains JTAG ID code 0x020B40DD
Info (209007): Configuration succeeded -- 1 device(s) configured
Info (209011): Successfully performed operation(s)
Info (209061): Ended Programmer operation at Sun May  3 17:45:40 2026
Info: Quartus II 32-bit Programmer was successful. 0 errors, 0 warnings
    Info: Peak virtual memory: 127 megabytes
    Info: Processing ended: Sun May  3 17:45:40 2026
    Info: Elapsed time: 00:00:02
    Info: Total CPU time (on all processors): 00:00:01
== boot-linux-master: streaming kernel + DTB via master_write_32 ==
May 3, 2026 2:45:42 PM com.altera.systemconsole.internal.core.SystemConsole logWarning
WARNING: Could not register IService issp
May 3, 2026 2:45:42 PM com.altera.systemconsole.internal.core.SystemConsole logWarning
WARNING: A service named 'issp' is already registered.
May 3, 2026 2:45:43 PM com.altera.systemconsole.internal.core.SystemConsole$PluginDiscovery run
INFO: Finished initialization
May 3, 2026 2:45:43 PM com.altera.systemconsole.internal.core.SystemConsole logInfo
INFO: Finished discovering JTAG connections
May 3, 2026 2:45:49 PM com.altera.systemconsole.internal.core.SystemConsole logInfo
INFO: Finished discovering USB connections
source /nix/store/j1hhcbg4jx76cv29hrfpp4fdldf82zax-boot-linux-master.tcl
--------------------------------------------------------------------------------
 Version 13.0sp1 232
 Copyright (C) 1991-2013 Altera Corporation. All rights reserved.
 Your use of Altera Corporation's design tools, logic functions
 and other software and tools, and its AMPP partner logic
 functions, and any output files from any of the foregoing
 (including device programming or simulation files), and any
 associated documentation or information is expressly subject
 to the terms and conditions of the Altera Program License
 Subscription Agreement, Altera MegaCore Function License
 Agreement, or other applicable license agreements, including,
 without limitation, that your use is for the sole purpose of
 programming logic devices manufactured by Altera and sold by
 Altera or its authorized distributors.  Please refer to the
 applicable agreement for further details.
--------------------------------------------------------------------------------
--------------------------------------------------------------------------------
 Welcome to Altera's System Console

 This Tcl console provides access to the hardware modules instantiated in your
 FPGA. You can use System Console for all of the following purposes:

    * To start, stop, or step a Nios II processor
    * To read or write Avalon Memory-Mapped (Avalon-MM) slaves using special
     masters
    * To sample the SOPC system clock as well as system reset signal
    * To run JTAG loopback tests to analyze board noise problems
    * To shift arbitrary instruction register and data register values to
     instantiated system level debug (SLD) nodes

 In addition, the directory <QuartusII Dir>/sopc_builder/system_console_macros
 contains Tcl files that provide miscellaneous utilities and examples of how to
 access the functionality provided. You can include those macros in your
 scripts by issuing Tcl source commands.
--------------------------------------------------------------------------------
May 3, 2026 2:45:49 PM com.altera.systemconsole.internal.core.SystemConsole logInfo
INFO: Executing startup script /nix/store/8v8l7chiiy215bb9vn731yy9rx8y8v78-quartus-ii-13-unwrapped-13.0sp1/opt/altera13.0sp1/quartus/sopc_builder/system_console_macros/system_console_rc.tcl
% boot-linux-master:
  kernel : /nix/store/ycbk9vy3fnpcqpk59jrf7h33ahy9zimi-riski5-linux-rv32-nommu-6.18.22/Image (3184860 bytes, padded to 3184860)
  dtb    : /nix/store/zj55h9vlbh9w7x9gbjjc1hg32yld4x5y-riski5-dtb-0.1.0/riski5.dtb (1514 bytes, padded to 1516)
  layout : kernel @ 0x80000000..0x803098db
           dtb    @ 0x80400000..0x804005eb
  trigger: SDRAM[0x807ffff0] <- kbytes=3184860
           SDRAM[0x807ffff4] <- 1

  master : /devices/EP2C35@1#3-4.1/(link)/JTAG/(110:132 v1 #0)/phy_0/master
  kernel      7.0 / 3110.2 KB  @   6.6 KB/s
  kernel     17.0 / 3110.2 KB  @   8.1 KB/s
  kernel     28.0 / 3110.2 KB  @   8.9 KB/s
  kernel     39.0 / 3110.2 KB  @   9.4 KB/s
  kernel     50.0 / 3110.2 KB  @   9.6 KB/s
  kernel     61.0 / 3110.2 KB  @   9.8 KB/s
  kernel     72.0 / 3110.2 KB  @   9.9 KB/s
  kernel     84.0 / 3110.2 KB  @  10.1 KB/s
  kernel     96.0 / 3110.2 KB  @  10.2 KB/s
  kernel    108.0 / 3110.2 KB  @  10.3 KB/s
  kernel    119.0 / 3110.2 KB  @  10.3 KB/s
  kernel    131.0 / 3110.2 KB  @  10.4 KB/s
  kernel    142.0 / 3110.2 KB  @  10.4 KB/s
  kernel    154.0 / 3110.2 KB  @  10.5 KB/s
  kernel    166.0 / 3110.2 KB  @  10.5 KB/s
  kernel    178.0 / 3110.2 KB  @  10.6 KB/s
  kernel    189.0 / 3110.2 KB  @  10.6 KB/s
  kernel    201.0 / 3110.2 KB  @  10.6 KB/s
  kernel    213.0 / 3110.2 KB  @  10.6 KB/s
  kernel    224.0 / 3110.2 KB  @  10.6 KB/s
  kernel    235.0 / 3110.2 KB  @  10.6 KB/s
  kernel    246.0 / 3110.2 KB  @  10.7 KB/s
  kernel    258.0 / 3110.2 KB  @  10.7 KB/s
  kernel    270.0 / 3110.2 KB  @  10.7 KB/s
  kernel    281.0 / 3110.2 KB  @  10.7 KB/s
  kernel    293.0 / 3110.2 KB  @  10.7 KB/s
  kernel    305.0 / 3110.2 KB  @  10.7 KB/s
  kernel    317.0 / 3110.2 KB  @  10.7 KB/s
  kernel    328.0 / 3110.2 KB  @  10.8 KB/s
  kernel    340.0 / 3110.2 KB  @  10.8 KB/s
  kernel    352.0 / 3110.2 KB  @  10.8 KB/s
  kernel    364.0 / 3110.2 KB  @  10.8 KB/s
  kernel    376.0 / 3110.2 KB  @  10.8 KB/s
  kernel    388.0 / 3110.2 KB  @  10.8 KB/s
  kernel    400.0 / 3110.2 KB  @  10.8 KB/s
  kernel    411.0 / 3110.2 KB  @  10.8 KB/s
  kernel    423.0 / 3110.2 KB  @  10.8 KB/s
  kernel    435.0 / 3110.2 KB  @  10.8 KB/s
  kernel    446.0 / 3110.2 KB  @  10.8 KB/s
  kernel    458.0 / 3110.2 KB  @  10.8 KB/s
  kernel    470.0 / 3110.2 KB  @  10.8 KB/s
  kernel    481.0 / 3110.2 KB  @  10.9 KB/s
  kernel    493.0 / 3110.2 KB  @  10.9 KB/s
  kernel    505.0 / 3110.2 KB  @  10.9 KB/s
  kernel    516.0 / 3110.2 KB  @  10.9 KB/s
  kernel    528.0 / 3110.2 KB  @  10.9 KB/s
  kernel    540.0 / 3110.2 KB  @  10.9 KB/s
  kernel    552.0 / 3110.2 KB  @  10.9 KB/s
  kernel    564.0 / 3110.2 KB  @  10.9 KB/s
  kernel    575.0 / 3110.2 KB  @  10.9 KB/s
  kernel    586.0 / 3110.2 KB  @  10.9 KB/s
  kernel    597.0 / 3110.2 KB  @  10.9 KB/s
  kernel    609.0 / 3110.2 KB  @  10.9 KB/s
  kernel    621.0 / 3110.2 KB  @  10.9 KB/s
  kernel    633.0 / 3110.2 KB  @  10.9 KB/s
  kernel    645.0 / 3110.2 KB  @  10.9 KB/s
  kernel    656.0 / 3110.2 KB  @  10.9 KB/s
  kernel    668.0 / 3110.2 KB  @  10.9 KB/s
  kernel    680.0 / 3110.2 KB  @  10.9 KB/s
  kernel    692.0 / 3110.2 KB  @  10.9 KB/s
  kernel    704.0 / 3110.2 KB  @  10.9 KB/s
  kernel    715.0 / 3110.2 KB  @  10.9 KB/s
  kernel    727.0 / 3110.2 KB  @  10.9 KB/s
  kernel    739.0 / 3110.2 KB  @  10.9 KB/s
  kernel    751.0 / 3110.2 KB  @  10.9 KB/s
  kernel    763.0 / 3110.2 KB  @  10.9 KB/s
  kernel    775.0 / 3110.2 KB  @  10.9 KB/s
  kernel    787.0 / 3110.2 KB  @  10.9 KB/s
  kernel    799.0 / 3110.2 KB  @  10.9 KB/s
  kernel    810.0 / 3110.2 KB  @  10.9 KB/s
  kernel    822.0 / 3110.2 KB  @  10.9 KB/s
  kernel    833.0 / 3110.2 KB  @  10.9 KB/s
  kernel    845.0 / 3110.2 KB  @  10.9 KB/s
  kernel    857.0 / 3110.2 KB  @  10.9 KB/s
  kernel    868.0 / 3110.2 KB  @  10.9 KB/s
  kernel    880.0 / 3110.2 KB  @  10.9 KB/s
  kernel    892.0 / 3110.2 KB  @  10.9 KB/s
  kernel    903.0 / 3110.2 KB  @  10.9 KB/s
  kernel    915.0 / 3110.2 KB  @  10.9 KB/s
  kernel    927.0 / 3110.2 KB  @  10.9 KB/s
  kernel    938.0 / 3110.2 KB  @  10.9 KB/s
  kernel    950.0 / 3110.2 KB  @  11.0 KB/s
  kernel    962.0 / 3110.2 KB  @  11.0 KB/s
  kernel    973.0 / 3110.2 KB  @  11.0 KB/s
  kernel    984.0 / 3110.2 KB  @  11.0 KB/s
  kernel    996.0 / 3110.2 KB  @  11.0 KB/s
  kernel   1008.0 / 3110.2 KB  @  11.0 KB/s
  kernel   1020.0 / 3110.2 KB  @  11.0 KB/s
  kernel   1032.0 / 3110.2 KB  @  11.0 KB/s
  kernel   1044.0 / 3110.2 KB  @  11.0 KB/s
  kernel   1056.0 / 3110.2 KB  @  11.0 KB/s
  kernel   1068.0 / 3110.2 KB  @  11.0 KB/s
  kernel   1080.0 / 3110.2 KB  @  11.0 KB/s
  kernel   1092.0 / 3110.2 KB  @  11.0 KB/s
  kernel   1104.0 / 3110.2 KB  @  11.0 KB/s
  kernel   1115.0 / 3110.2 KB  @  11.0 KB/s
  kernel   1126.0 / 3110.2 KB  @  11.0 KB/s
  kernel   1138.0 / 3110.2 KB  @  11.0 KB/s
  kernel   1149.0 / 3110.2 KB  @  11.0 KB/s
  kernel   1161.0 / 3110.2 KB  @  11.0 KB/s
  kernel   1173.0 / 3110.2 KB  @  11.0 KB/s
  kernel   1184.0 / 3110.2 KB  @  11.0 KB/s
  kernel   1196.0 / 3110.2 KB  @  11.0 KB/s
  kernel   1208.0 / 3110.2 KB  @  11.0 KB/s
  kernel   1220.0 / 3110.2 KB  @  11.0 KB/s
  kernel   1231.0 / 3110.2 KB  @  11.0 KB/s
  kernel   1242.0 / 3110.2 KB  @  11.0 KB/s
  kernel   1254.0 / 3110.2 KB  @  11.0 KB/s
  kernel   1266.0 / 3110.2 KB  @  11.0 KB/s
  kernel   1278.0 / 3110.2 KB  @  11.0 KB/s
  kernel   1290.0 / 3110.2 KB  @  11.0 KB/s
  kernel   1302.0 / 3110.2 KB  @  11.0 KB/s
  kernel   1314.0 / 3110.2 KB  @  11.0 KB/s
  kernel   1326.0 / 3110.2 KB  @  11.0 KB/s
  kernel   1337.0 / 3110.2 KB  @  11.0 KB/s
  kernel   1349.0 / 3110.2 KB  @  11.0 KB/s
  kernel   1361.0 / 3110.2 KB  @  11.0 KB/s
  kernel   1373.0 / 3110.2 KB  @  11.0 KB/s
  kernel   1385.0 / 3110.2 KB  @  11.0 KB/s
  kernel   1397.0 / 3110.2 KB  @  11.0 KB/s
  kernel   1408.0 / 3110.2 KB  @  11.0 KB/s
  kernel   1420.0 / 3110.2 KB  @  11.0 KB/s
  kernel   1432.0 / 3110.2 KB  @  11.0 KB/s
  kernel   1444.0 / 3110.2 KB  @  11.0 KB/s
  kernel   1456.0 / 3110.2 KB  @  11.0 KB/s
  kernel   1468.0 / 3110.2 KB  @  11.0 KB/s
  kernel   1480.0 / 3110.2 KB  @  11.0 KB/s
  kernel   1492.0 / 3110.2 KB  @  11.0 KB/s
  kernel   1504.0 / 3110.2 KB  @  11.0 KB/s
  kernel   1516.0 / 3110.2 KB  @  11.0 KB/s
  kernel   1528.0 / 3110.2 KB  @  11.0 KB/s
  kernel   1540.0 / 3110.2 KB  @  11.0 KB/s
  kernel   1552.0 / 3110.2 KB  @  11.0 KB/s
  kernel   1564.0 / 3110.2 KB  @  11.0 KB/s
  kernel   1576.0 / 3110.2 KB  @  11.0 KB/s
  kernel   1588.0 / 3110.2 KB  @  11.0 KB/s
  kernel   1600.0 / 3110.2 KB  @  11.0 KB/s
  kernel   1612.0 / 3110.2 KB  @  11.0 KB/s
  kernel   1624.0 / 3110.2 KB  @  11.0 KB/s
  kernel   1636.0 / 3110.2 KB  @  11.0 KB/s
  kernel   1647.0 / 3110.2 KB  @  11.0 KB/s
  kernel   1659.0 / 3110.2 KB  @  11.0 KB/s
  kernel   1671.0 / 3110.2 KB  @  11.0 KB/s
  kernel   1683.0 / 3110.2 KB  @  11.0 KB/s
  kernel   1695.0 / 3110.2 KB  @  11.0 KB/s
  kernel   1707.0 / 3110.2 KB  @  11.0 KB/s
  kernel   1718.0 / 3110.2 KB  @  11.0 KB/s
  kernel   1730.0 / 3110.2 KB  @  11.0 KB/s
  kernel   1742.0 / 3110.2 KB  @  11.0 KB/s
  kernel   1753.0 / 3110.2 KB  @  11.0 KB/s
  kernel   1765.0 / 3110.2 KB  @  11.0 KB/s
  kernel   1777.0 / 3110.2 KB  @  11.0 KB/s
  kernel   1788.0 / 3110.2 KB  @  11.0 KB/s
  kernel   1800.0 / 3110.2 KB  @  11.0 KB/s
  kernel   1811.0 / 3110.2 KB  @  11.0 KB/s
  kernel   1823.0 / 3110.2 KB  @  11.0 KB/s
  kernel   1835.0 / 3110.2 KB  @  11.0 KB/s
  kernel   1847.0 / 3110.2 KB  @  11.0 KB/s
  kernel   1859.0 / 3110.2 KB  @  11.0 KB/s
  kernel   1871.0 / 3110.2 KB  @  11.0 KB/s
  kernel   1882.0 / 3110.2 KB  @  11.0 KB/s
  kernel   1894.0 / 3110.2 KB  @  11.0 KB/s
  kernel   1905.0 / 3110.2 KB  @  11.0 KB/s
  kernel   1917.0 / 3110.2 KB  @  11.0 KB/s
  kernel   1929.0 / 3110.2 KB  @  11.0 KB/s
  kernel   1941.0 / 3110.2 KB  @  11.0 KB/s
  kernel   1953.0 / 3110.2 KB  @  11.0 KB/s
  kernel   1965.0 / 3110.2 KB  @  11.0 KB/s
  kernel   1977.0 / 3110.2 KB  @  11.0 KB/s
  kernel   1989.0 / 3110.2 KB  @  11.0 KB/s
  kernel   2001.0 / 3110.2 KB  @  11.0 KB/s
  kernel   2012.0 / 3110.2 KB  @  11.0 KB/s
  kernel   2023.0 / 3110.2 KB  @  11.0 KB/s
  kernel   2034.0 / 3110.2 KB  @  11.0 KB/s
  kernel   2046.0 / 3110.2 KB  @  11.0 KB/s
  kernel   2058.0 / 3110.2 KB  @  11.0 KB/s
  kernel   2070.0 / 3110.2 KB  @  11.0 KB/s
  kernel   2082.0 / 3110.2 KB  @  11.0 KB/s
  kernel   2094.0 / 3110.2 KB  @  11.0 KB/s
  kernel   2106.0 / 3110.2 KB  @  11.0 KB/s
  kernel   2118.0 / 3110.2 KB  @  11.0 KB/s
  kernel   2130.0 / 3110.2 KB  @  11.0 KB/s
  kernel   2142.0 / 3110.2 KB  @  11.0 KB/s
  kernel   2154.0 / 3110.2 KB  @  11.0 KB/s
  kernel   2166.0 / 3110.2 KB  @  11.0 KB/s
  kernel   2178.0 / 3110.2 KB  @  11.0 KB/s
  kernel   2189.0 / 3110.2 KB  @  11.0 KB/s
  kernel   2201.0 / 3110.2 KB  @  11.0 KB/s
  kernel   2213.0 / 3110.2 KB  @  11.0 KB/s
  kernel   2224.0 / 3110.2 KB  @  11.0 KB/s
  kernel   2235.0 / 3110.2 KB  @  11.0 KB/s
  kernel   2246.0 / 3110.2 KB  @  11.0 KB/s
  kernel   2257.0 / 3110.2 KB  @  11.0 KB/s
  kernel   2268.0 / 3110.2 KB  @  11.0 KB/s
  kernel   2280.0 / 3110.2 KB  @  11.0 KB/s
  kernel   2291.0 / 3110.2 KB  @  11.0 KB/s
  kernel   2302.0 / 3110.2 KB  @  11.0 KB/s
  kernel   2313.0 / 3110.2 KB  @  11.0 KB/s
  kernel   2324.0 / 3110.2 KB  @  11.0 KB/s
  kernel   2335.0 / 3110.2 KB  @  11.0 KB/s
  kernel   2347.0 / 3110.2 KB  @  11.0 KB/s
  kernel   2358.0 / 3110.2 KB  @  11.0 KB/s
  kernel   2369.0 / 3110.2 KB  @  11.0 KB/s
  kernel   2380.0 / 3110.2 KB  @  11.0 KB/s
  kernel   2392.0 / 3110.2 KB  @  11.0 KB/s
  kernel   2404.0 / 3110.2 KB  @  11.0 KB/s
  kernel   2415.0 / 3110.2 KB  @  11.0 KB/s
  kernel   2427.0 / 3110.2 KB  @  11.0 KB/s
  kernel   2439.0 / 3110.2 KB  @  11.0 KB/s
  kernel   2451.0 / 3110.2 KB  @  11.0 KB/s
  kernel   2462.0 / 3110.2 KB  @  11.0 KB/s
  kernel   2474.0 / 3110.2 KB  @  11.0 KB/s
  kernel   2486.0 / 3110.2 KB  @  11.0 KB/s
  kernel   2497.0 / 3110.2 KB  @  11.0 KB/s
  kernel   2509.0 / 3110.2 KB  @  11.0 KB/s
  kernel   2521.0 / 3110.2 KB  @  11.0 KB/s
  kernel   2533.0 / 3110.2 KB  @  11.0 KB/s
  kernel   2545.0 / 3110.2 KB  @  11.0 KB/s
  kernel   2557.0 / 3110.2 KB  @  11.0 KB/s
  kernel   2569.0 / 3110.2 KB  @  11.0 KB/s
  kernel   2581.0 / 3110.2 KB  @  11.0 KB/s
  kernel   2593.0 / 3110.2 KB  @  11.0 KB/s
  kernel   2605.0 / 3110.2 KB  @  11.0 KB/s
  kernel   2616.0 / 3110.2 KB  @  11.0 KB/s
  kernel   2627.0 / 3110.2 KB  @  11.0 KB/s
  kernel   2639.0 / 3110.2 KB  @  11.0 KB/s
  kernel   2651.0 / 3110.2 KB  @  11.0 KB/s
  kernel   2662.0 / 3110.2 KB  @  11.0 KB/s
  kernel   2673.0 / 3110.2 KB  @  11.0 KB/s
  kernel   2684.0 / 3110.2 KB  @  11.0 KB/s
  kernel   2695.0 / 3110.2 KB  @  11.0 KB/s
  kernel   2707.0 / 3110.2 KB  @  11.0 KB/s
  kernel   2719.0 / 3110.2 KB  @  11.0 KB/s
  kernel   2730.0 / 3110.2 KB  @  11.0 KB/s
  kernel   2741.0 / 3110.2 KB  @  11.0 KB/s
  kernel   2752.0 / 3110.2 KB  @  11.0 KB/s
  kernel   2763.0 / 3110.2 KB  @  11.0 KB/s
  kernel   2774.0 / 3110.2 KB  @  11.0 KB/s
  kernel   2785.0 / 3110.2 KB  @  11.0 KB/s
  kernel   2796.0 / 3110.2 KB  @  11.0 KB/s
  kernel   2807.0 / 3110.2 KB  @  11.0 KB/s
  kernel   2819.0 / 3110.2 KB  @  11.0 KB/s
  kernel   2831.0 / 3110.2 KB  @  11.0 KB/s
  kernel   2843.0 / 3110.2 KB  @  11.0 KB/s
  kernel   2855.0 / 3110.2 KB  @  11.0 KB/s
  kernel   2866.0 / 3110.2 KB  @  11.0 KB/s
  kernel   2878.0 / 3110.2 KB  @  11.0 KB/s
  kernel   2889.0 / 3110.2 KB  @  11.0 KB/s
  kernel   2901.0 / 3110.2 KB  @  11.0 KB/s
  kernel   2913.0 / 3110.2 KB  @  11.0 KB/s
  kernel   2925.0 / 3110.2 KB  @  11.0 KB/s
  kernel   2936.0 / 3110.2 KB  @  11.0 KB/s
  kernel   2948.0 / 3110.2 KB  @  11.0 KB/s
  kernel   2959.0 / 3110.2 KB  @  11.0 KB/s
  kernel   2971.0 / 3110.2 KB  @  11.0 KB/s
  kernel   2982.0 / 3110.2 KB  @  11.0 KB/s
  kernel   2994.0 / 3110.2 KB  @  11.0 KB/s
  kernel   3006.0 / 3110.2 KB  @  11.0 KB/s
  kernel   3018.0 / 3110.2 KB  @  11.0 KB/s
  kernel   3030.0 / 3110.2 KB  @  11.0 KB/s
  kernel   3042.0 / 3110.2 KB  @  11.0 KB/s
  kernel   3054.0 / 3110.2 KB  @  11.0 KB/s
  kernel   3065.0 / 3110.2 KB  @  11.0 KB/s
  kernel   3077.0 / 3110.2 KB  @  11.0 KB/s
  kernel   3088.0 / 3110.2 KB  @  11.0 KB/s
  kernel   3099.0 / 3110.2 KB  @  11.0 KB/s
  kernel   3110.2 / 3110.2 KB  @  11.0 KB/s
  kernel   done ? 3110.2 KB in 282.8 s (11.0 KB/s)
  dtb      done ? 1.5 KB in 0.1 s (9.9 KB/s)
  verify dtb @0x80400000: got 0xffff0dd0 want 0xedfe0dd0  PERMANENT MISMATCH
  verify dtb @0x80400004: got 0xffff0000 want 0xea050000  PERMANENT MISMATCH
  verify dtb @0x80400008: got 0xffff0000 want 0x38000000  PERMANENT MISMATCH
  verify dtb @0x8040000c: got 0xffff0000 want 0xdc040000  PERMANENT MISMATCH
  verify dtb @0x80400010: got 0xffff0000 want 0x28000000  PERMANENT MISMATCH
  verify dtb @0x80400014: got 0xffff0000 want 0x11000000  PERMANENT MISMATCH
  verify dtb @0x80400018: got 0xffdf0000 want 0x10000000  PERMANENT MISMATCH
  verify dtb @0x8040001c: got 0xffff0000 want 0x00000000  PERMANENT MISMATCH
  verify dtb @0x80400020: got 0xfffd0000 want 0x0e010000  PERMANENT MISMATCH
  verify dtb @0x80400024: got 0xffff0000 want 0xa4040000  PERMANENT MISMATCH
  verify dtb @0x80400028: got 0xffff0000 want 0x00000000  PERMANENT MISMATCH
  verify dtb @0x8040002c: got 0xffff0000 want 0x00000000  PERMANENT MISMATCH
  verify dtb @0x80400030: got 0xffff0000 want 0x00000000  PERMANENT MISMATCH
  verify dtb @0x80400034: got 0xffff0000 want 0x00000000  PERMANENT MISMATCH
  verify dtb @0x80400038: got 0xffff0000 want 0x01000000  PERMANENT MISMATCH
  verify dtb @0x8040003c: got 0xfff70000 want 0x00000000  PERMANENT MISMATCH
  verify dtb @0x80400040: got 0xfffb0000 want 0x03000000  PERMANENT MISMATCH
  verify dtb @0x80400044: got 0xffff0000 want 0x04000000  PERMANENT MISMATCH
  verify dtb @0x80400048: got 0xffff0000 want 0x00000000  PERMANENT MISMATCH
  verify dtb @0x8040004c: got 0xffff0000 want 0x01000000  PERMANENT MISMATCH
  verify dtb @0x80400050: got 0xffff0000 want 0x03000000  PERMANENT MISMATCH
  verify dtb @0x80400054: got 0xfff90000 want 0x04000000  PERMANENT MISMATCH
  verify dtb @0x80400058: got 0xffff0000 want 0x0f000000  PERMANENT MISMATCH
  verify dtb @0x8040005c: got 0xffff0000 want 0x01000000  PERMANENT MISMATCH
  verify dtb @0x80400060: got 0xffff0000 want 0x03000000  PERMANENT MISMATCH
  verify dtb @0x80400064: got 0xffff0000 want 0x0d000000  PERMANENT MISMATCH
  verify dtb @0x80400068: got 0xffdb0000 want 0x1b000000  PERMANENT MISMATCH
  verify dtb @0x8040006c: got 0xffff6972 want 0x6b736972  PERMANENT MISMATCH
  verify dtb @0x80400070: got 0xffff3569 want 0x6e2c3569  PERMANENT MISMATCH
  verify dtb @0x80400074: got 0xffff6d6f want 0x756d6d6f  PERMANENT MISMATCH
  verify dtb @0x80400078: got 0x7fff0000 want 0x00000000  PERMANENT MISMATCH
  verify dtb @0x8040007c: got 0xffff0000 want 0x03000000  PERMANENT MISMATCH
  verify dtb @0x80400080: got 0xffff0000 want 0x0b000000  PERMANENT MISMATCH
  verify dtb @0x80400084: got 0xafff0000 want 0x26000000  PERMANENT MISMATCH
  verify dtb @0x80400088: got 0xffff6972 want 0x6b736972  PERMANENT MISMATCH
  verify dtb @0x8040008c: got 0xffff3569 want 0x642d3569  PERMANENT MISMATCH
  verify dtb @0x80400090: got 0xffff3265 want 0x00003265  PERMANENT MISMATCH
  verify dtb @0x80400094: got 0xffff0000 want 0x01000000  PERMANENT MISMATCH
  verify dtb @0x80400098: got 0xffff6863 want 0x736f6863  PERMANENT MISMATCH
  verify dtb @0x8040009c: got 0xffff6e65 want 0x00006e65  PERMANENT MISMATCH
  verify dtb @0x804000a0: got 0xdfff0000 want 0x03000000  PERMANENT MISMATCH
  verify dtb @0x804000a4: got 0xffff0000 want 0x71000000  PERMANENT MISMATCH
  verify dtb @0x804000a8: got 0xfffe0000 want 0x2c000000  PERMANENT MISMATCH
  verify dtb @0x804000ac: got 0xffff6f63 want 0x736e6f63  PERMANENT MISMATCH
  verify dtb @0x804000b0: got 0xffff6c6f want 0x3d656c6f  PERMANENT MISMATCH
  verify dtb @0x804000b4: got 0xffff7474 want 0x4a797474  PERMANENT MISMATCH
  verify dtb @0x804000b8: got 0xffff2c30 want 0x31312c30  PERMANENT MISMATCH
  verify dtb @0x804000bc: got 0xffff3235 want 0x30303235  PERMANENT MISMATCH
  verify dtb @0x804000c0: got 0xfffe386e want 0x6520386e  PERMANENT MISMATCH
  verify dtb @0x804000c4: got 0xffff7261 want 0x796c7261  PERMANENT MISMATCH
  verify dtb @0x804000c8: got 0xffff6f63 want 0x3d6e6f63  PERMANENT MISMATCH
  verify dtb @0x804000cc: got 0xffff756a want 0x7261756a  PERMANENT MISMATCH
  verify dtb @0x804000d0: got 0xefff2c74 want 0x6d6d2c74  PERMANENT MISMATCH
  verify dtb @0x804000d4: got 0xffff6f69 want 0x302c6f69  PERMANENT MISMATCH
  verify dtb @0x804000d8: got 0x7fff3178 want 0x30303178  PERMANENT MISMATCH
  verify dtb @0x804000dc: got 0xffff3030 want 0x30303030  PERMANENT MISMATCH
  verify dtb @0x804000e0: got 0xffff2030 want 0x656b2030  PERMANENT MISMATCH
  verify dtb @0x804000e4: got 0xffff7065 want 0x625f7065  PERMANENT MISMATCH
  verify dtb @0x804000e8: got 0xff7f6f6f want 0x63746f6f  PERMANENT MISMATCH
  verify dtb @0x804000ec: got 0xffff6e6f want 0x6c206e6f  PERMANENT MISMATCH
  verify dtb @0x804000f0: got 0xffff676f want 0x656c676f  PERMANENT MISMATCH
  verify dtb @0x804000f4: got 0xffff6576 want 0x3d6c6576  PERMANENT MISMATCH
  verify dtb @0x804000f8: got 0xffff2038 want 0x67692038  PERMANENT MISMATCH
  verify dtb @0x804000fc: got 0xffff6f6e want 0x65726f6e  PERMANENT MISMATCH
  verify dtb: 64 / 64 words bulk-dropped, 0 recovered
  verify-all dtb: 379 / 379 words BAD; first @ 0x80400000: got 0xffff0dd0 want 0xedfe0dd0

ABORTING: DTB corrupted in SDRAM after upload.
  Linux setup_arch will fail to parse FDT (or parse
  garbage and probe wrong addresses).
  Re-flash the bitstream and try again, or root-cause the
  DTB-region upload corruption (task #27 in TODO.md).
exit=1
