# mdstress hwsim — root-causes #58 as firmware test typo — 2026-05-08

## TL;DR

The mdstress firmware running under Verilator hwsim originally
produced:

```
BFMFFFFFFFFFFFFFFF...
```

After re-flashing silicon today, **silicon shows the same
BFMFFFF... output** — both fail iter 1 on the MUL check. This
contradicts the May-5 perf log claim of "9 iters pass, iter 10
fails". The actual root cause turned out to be a one-hex-digit
typo in the firmware's expected MUL value:

```haskell
li x1 0x1234_5678
li x2 0x100
mul x3 x1 x2
li x5 0x4567_8000   -- ← wrong! should be 0x3456_7800
bne x3 x5 mulFailL  -- ← fires every iter because x3 = 0x34567800
```

The math:

```
0x12345678 * 0x100 = 0x1234567800 mod 2^32 = 0x34567800   (correct)
0x12345678 << 12   = 0x12345678000 mod 2^32 = 0x45678000   (firmware wanted)
```

The firmware author shifted by 12 bits (multiplier 0x1000) but
loaded x2 = 0x100 (multiplier 0x100). After fixing the expected
to 0x34567800, both hwsim and silicon emit clean
`BMUHDSR.MUHDSR....` indefinitely.

## Verification (after fix `4928486`)

| Backend                                   | Output                       |
|-------------------------------------------|------------------------------|
| Verilator hwsim (`riski5-sim-mdstress`)   | clean `BMUHDSR.…` × ~1500    |
| Silicon (`riski5-core-mdstress`, direct flash) | clean `BMUHDSR.…` × ~150 K  |

Silicon emits ~150 K iterations cleanly during a few seconds of
console capture. The iterative `mulDivFUIterative` FSM is
**fully correct** on real Cyclone II silicon.

## Re-interpreting the May-5 perf log

The May-5 perf log ([`docs/perf/mdstress-silicon-2026-05-05.log`](mdstress-silicon-2026-05-05.log))
sampled `CMTC=65 / ITRC=1 / core_pc=0x000000F0` and interpreted
this as "9 successful iterations + 1 failure byte = 65 bytes
emitted". But the load-bearing field is **ITRC=1** — silicon was
on iter 1, not iter 10. The 65 bytes break down as:

```
 1 'B' boot byte
 1 'F' from mulFailL (failure signal)
 1 'M' op-letter
62 'F's from the spin loop (= JTAG-UART FIFO depth at the time
   of sample, with +1 commit attempt → CMTC = 65)
```

Identical to the BFMFFFF... we see today.

## Setup

- riski5-sim-mdstress at commit `d92d63e` (parameterized
  `pkgs/riski5-sim/package.nix` with `firmware = "mdStress"`,
  iterative MUL path — no `-DSILICON_MULCOMB_ONLY`).
- Driver: existing `riski5-linux-hwsim` exec linked against
  the new sim lib + stub `/tmp/stub.bin` (4 zero bytes) for
  both kernel and DTB.
- Cycle budget: 5_000_000 (mdstress reaches its hang point in
  ~tens of thousands of cycles; budget chosen for headroom).

```
$ cabal run riski5-linux-hwsim --flag=hwsim \
    --extra-lib-dirs=/nix/store/...-riski5-sim-mdstress-0.1.0/lib \
    --ghc-options='-optl-lVriski5_sim_top -optl-lverilated -optl-lstdc++' \
    -- /tmp/stub.bin /tmp/stub.bin 5000000
```

PC heartbeats at end-of-run cycle around `0xe4`–`0xf4` — the
`failLBody` F-spin loop, confirming the firmware correctly
detected the bne mismatch and entered the spin path.

## Action items closed

- [x] Build a Verilator-driven hwsim variant of HelloMdStress
  (`riski5-sim-mdstress`, commit `d92d63e`).
- [x] Confirm mdstress is reproducible at the byte level under
  hwsim — it is, and matches silicon exactly when both run the
  same firmware.
- [x] Identify the actual root cause: firmware test typo on the
  MUL expected value. Fixed in commit `4928486`.
- [x] Verify fix on hwsim: clean `BMUHDSR.…` for ~1500 iters
  in 2 M cycles.
- [x] Verify fix on silicon: clean `BMUHDSR.…` for ~150 K iters
  in a few seconds of console capture.

## Conclusion for #58 root-cause

The iterative `mulDivFUIterative` FSM in
`src/Riski5/Core/FU/MulDiv.hs` is **fully correct** on real
Cyclone II silicon. The "iter-10 silicon hang" hypothesis was
based on a misinterpreted JTAG-UART CMTC=65 sample where ITRC=1
(iter 1) was the load-bearing field. After fixing the firmware's
typo'd MUL expected value (one hex digit), all 6 ops
(MUL/MULHU/MULH/DIVU/DIV/REMU) pass on both hwsim and silicon
indefinitely.

**Implication for the SoC roadmap.** The hybrid
`mulDivFUMulComb` workaround (combinational MUL via DSP
inference, iterative DIV) for Linux boot remains valid as a
*performance optimisation* — combinational MUL retires in 1
cycle vs the iterative FSM's 34 — but it is no longer required
for *correctness*. Linux booting on `mulDivFUMulComb` showed the
silicon already worked; the BogoMIPS print proving M-extension
worked end-to-end is consistent with the FSM being correct
all along.

Task #58 / #60 are effectively closed by this discovery. The
remaining open task #59 (replace iterative DIV with
Newton-Raphson DSP) is now a pure performance / area win, not
a correctness fix.
